c:\users\thera\source\repos\projectbun\projectbun\x64\debug\vc142.pdb
c:\users\thera\source\repos\projectbun\projectbun\x64\debug\vc142.idb
c:\users\thera\source\repos\projectbun\projectbun\x64\debug\window.obj
c:\users\thera\source\repos\projectbun\projectbun\x64\debug\tiny_obj_loader.obj
c:\users\thera\source\repos\projectbun\projectbun\x64\debug\stb_image.obj
c:\users\thera\source\repos\projectbun\projectbun\x64\debug\shader.obj
c:\users\thera\source\repos\projectbun\projectbun\x64\debug\model3d.obj
c:\users\thera\source\repos\projectbun\projectbun\x64\debug\mesh.obj
c:\users\thera\source\repos\projectbun\projectbun\x64\debug\main.obj
c:\users\thera\source\repos\projectbun\projectbun\x64\debug\camera.obj
c:\users\thera\source\repos\projectbun\projectbun\x64\debug\skybox.obj
c:\users\thera\source\repos\projectbun\x64\debug\projectbun.exe
c:\users\thera\source\repos\projectbun\projectbun\x64\debug\projectbun.ilk
c:\users\thera\source\repos\projectbun\x64\debug\projectbun.pdb
c:\users\thera\source\repos\projectbun\projectbun\x64\debug\projectbun.tlog\cl.command.1.tlog
c:\users\thera\source\repos\projectbun\projectbun\x64\debug\projectbun.tlog\cl.read.1.tlog
c:\users\thera\source\repos\projectbun\projectbun\x64\debug\projectbun.tlog\cl.write.1.tlog
c:\users\thera\source\repos\projectbun\projectbun\x64\debug\projectbun.tlog\link.command.1.tlog
c:\users\thera\source\repos\projectbun\projectbun\x64\debug\projectbun.tlog\link.read.1.tlog
c:\users\thera\source\repos\projectbun\projectbun\x64\debug\projectbun.tlog\link.write.1.tlog
